1773785394903	geckodriver	INFO	Listening on 127.0.0.1:56150
1773785397998	mozrunner::runner	INFO	Running command: "C:\\Users\\RGisbey\\.cache\\selenium\\firefox\\win64\\148.0.2\\firefox.exe" "--marionette" "--remote-debugg ...  "--remote-allow-hosts" "localhost" "-no-remote" "-profile" "C:\\Users\\RGisbey\\AppData\\Local\\Temp\\rust_mozprofileySCHtG"
console.error: WindowsGPOParser: 
  Unable to parse JSON for ExtensionSettings
console.error: JsonSchemaValidator: 
  Ignoring parameter "https://verintcloudservices.com/edi" - origin was expected but received full URL.
console.error: JsonSchemaValidator: 
  Ignoring parameter "[*.]csod.com" - not a valid origin.
console.warn: services.settings: Ignoring preference override of remote settings server
console.warn: services.settings: Allow by setting MOZ_REMOTE_SETTINGS_DEVTOOLS=1 in the environment
Dynamically enable window occlusion 0
1773785399122	Marionette	INFO	Marionette enabled
1773785399368	Marionette	INFO	Listening on port 56162
WebDriver BiDi listening on ws://127.0.0.1:56151
Read port: 56162
1773785399493	RemoteAgent	WARN	TLS certificate errors will be ignored for this session
*** You are running in background task mode. ***
*** You are running in headless mode.
console.error: WindowsGPOParser: 
  Unable to parse JSON for ExtensionSettings
console.error: JsonSchemaValidator: 
  Ignoring parameter "https://verintcloudservices.com/edi" - origin was expected but received full URL.
console.error: JsonSchemaValidator: 
  Ignoring parameter "[*.]csod.com" - not a valid origin.
console.error: "C:\\Users\\RGisbey\\AppData\\Local\\Temp\\rust_mozprofileySCHtG" "" 0 ".purge.bg_rm" ""
console.warn: "Skipping Glean as no metrics id is passed"
JavaScript warning: https://www.amazon.co.uk/, line 3731: WEBGL_debug_renderer_info is deprecated in Firefox and will be removed. Please use RENDERER.
JavaScript warning: https://www.amazon.co.uk/s?k=LEGO+Speed+Champions+McLaren+F1+Team+MCL38&ref=nb_sb_noss, line 6983: WEBGL_debug_renderer_info is deprecated in Firefox and will be removed. Please use RENDERER.
1773785405569	Marionette	INFO	Stopped listening on port 56162
Dynamically enable window occlusion 1
JavaScript error: , line 0: TypeError: NetworkError when attempting to fetch resource.
console.warn: TopSitesFeed: Failed to fetch data from MARS server: NetworkError when attempting to fetch resource.
console.error: Translations: "Failed to run language detection." (new AbortError("Actor 'Translations' destroyed before query 'Translations:GetDocumentElementLang' was resolved", (void 0), 570))
*** You are running in background task mode. ***
*** You are running in headless mode.
console.error: WindowsGPOParser: 
  Unable to parse JSON for ExtensionSettings
console.error: JsonSchemaValidator: 
  Ignoring parameter "https://verintcloudservices.com/edi" - origin was expected but received full URL.
console.error: JsonSchemaValidator: 
  Ignoring parameter "[*.]csod.com" - not a valid origin.
console.error: "C:\\Users\\RGisbey\\AppData\\Local\\Temp\\rust_mozprofileySCHtG" "cache2.2026-03-17-22-10-06.purge.bg_rm" 10 ".purge.bg_rm" ""
console.error: "started removing C:\\Users\\RGisbey\\AppData\\Local\\Temp\\rust_mozprofileySCHtG\\cache2.2026-03-17-22-10-06.purge.bg_rm"
console.error: "done removing C:\\Users\\RGisbey\\AppData\\Local\\Temp\\rust_mozprofileySCHtG\\cache2.2026-03-17-22-10-06.purge.bg_rm. removed 54 entries."
console.warn: "Skipping Glean as no metrics id is passed"
