1773785409919	geckodriver	INFO	Listening on 127.0.0.1:57772
1773785412995	mozrunner::runner	INFO	Running command: "C:\\Users\\RGisbey\\.cache\\selenium\\firefox\\win64\\148.0.2\\firefox.exe" "--marionette" "--remote-debugg ...  "--remote-allow-hosts" "localhost" "-no-remote" "-profile" "C:\\Users\\RGisbey\\AppData\\Local\\Temp\\rust_mozprofileD3tGjN"
console.error: WindowsGPOParser: 
  Unable to parse JSON for ExtensionSettings
console.error: JsonSchemaValidator: 
  Ignoring parameter "https://verintcloudservices.com/edi" - origin was expected but received full URL.
console.error: JsonSchemaValidator: 
  Ignoring parameter "[*.]csod.com" - not a valid origin.
console.warn: services.settings: Ignoring preference override of remote settings server
console.warn: services.settings: Allow by setting MOZ_REMOTE_SETTINGS_DEVTOOLS=1 in the environment
Dynamically enable window occlusion 0
1773785413698	Marionette	INFO	Marionette enabled
1773785413875	Marionette	INFO	Listening on port 57783
WebDriver BiDi listening on ws://127.0.0.1:57773
Read port: 57783
1773785413983	RemoteAgent	WARN	TLS certificate errors will be ignored for this session
*** You are running in background task mode. ***
*** You are running in headless mode.
console.error: WindowsGPOParser: 
  Unable to parse JSON for ExtensionSettings
console.error: JsonSchemaValidator: 
  Ignoring parameter "https://verintcloudservices.com/edi" - origin was expected but received full URL.
console.error: JsonSchemaValidator: 
  Ignoring parameter "[*.]csod.com" - not a valid origin.
console.error: "C:\\Users\\RGisbey\\AppData\\Local\\Temp\\rust_mozprofileD3tGjN" "" 0 ".purge.bg_rm" ""
console.warn: "Skipping Glean as no metrics id is passed"
JavaScript warning: https://www.amazon.co.uk/, line 3725: WEBGL_debug_renderer_info is deprecated in Firefox and will be removed. Please use RENDERER.
JavaScript warning: https://www.amazon.co.uk/s?k=LEGO+Speed+Champions+McLaren+F1+Team+MCL38&ref=nb_sb_noss, line 7462: WEBGL_debug_renderer_info is deprecated in Firefox and will be removed. Please use RENDERER.
JavaScript warning: https://www.amazon.co.uk/LEGO-Champions-McLaren-Collectible-Minifigure/dp/B0DHS9Y192/ref=sr_1_6?dib=eyJ2IjoiMSJ9.DVGHrkXC-Xcc29ndEJ7LEg9-CSW5PgCmJYlKD29vA144B33Eg-mdb-PW1u24ggPw6OM2wfX0H2okdYROhGQwK3_lwrvEsB2NhL0LiNz2nQiIDdLWBmB-W3KPTk0D51J3T0yv7tbO36tsxO2W1S-bonz0DVoJCMd9TXQjsrSBtILcziSLReBmnhsA8aFJ7gHvAxPivA-5xIy9qRh___Bf34dXtHeqSeCuta4l9RXc4Mk1Hk8JjsCHQF7Yr6sJ20GA3x-Zp8tCHfxA5gyqC4zFKKzCuKpXMGApYfvSVDoC0dc.QoAOgu_6K3BU-K0MLBrC3wDNkEtMEdfbcYTZaqoBKeY&dib_tag=se&keywords=LEGO+Speed+Champions+McLaren+F1+Team+MCL38&qid=1773785418&sr=8-6, line 10881: WEBGL_debug_renderer_info is deprecated in Firefox and will be removed. Please use RENDERER.
1773785423181	Marionette	INFO	Stopped listening on port 57783
Dynamically enable window occlusion 1
JavaScript warning: https://m.media-amazon.com/images/I/61xJcNKKLXL.js?AUIClients/AmazonUIjQuery, line 122: Script terminated by timeout at:
w@https://m.media-amazon.com/images/I/61xJcNKKLXL.js?AUIClients/AmazonUIjQuery:122:25
m@https://m.media-amazon.com/images/I/61xJcNKKLXL.js?AUIClients/AmazonUIjQuery:127:448
find@https://m.media-amazon.com/images/I/61xJcNKKLXL.js?AUIClients/AmazonUIjQuery:132:364
init@https://m.media-amazon.com/images/I/61xJcNKKLXL.js?AUIClients/AmazonUIjQuery:36:451
b@https://m.media-amazon.com/images/I/61xJcNKKLXL.js?AUIClients/AmazonUIjQuery:34:396
m@https://m.media-amazon.com/images/I/316nVZ1c+gL._RC|31G3x5GIdxL.js,01Jkr5-mpfL.js,014nJHn53jL.js,318rs4piGPL.js,01TQyo0bnIL.js,217bRGC52mL.js,41Z+H0XnaQL.js,31slXhNaU+L.js,01jEqq6I0UL.js,61sM0h9jL2L.js,21cBKqvYSdL.js,216Y5JcOfSL.js,11-asXJWfkL.js,01s80TZosWL.js,015gdESSAtL.js,01GJONmvbXL.js,01eHFGShgcL.js,014HqCTNeLL.js,010iqJFkSaL.js,01KcCdM358L.js,01rQQwj4cgL.js,01WKMGaQtaL.js,51PpIUFz2xL.js,11p0nLfNCcL.js,01s9HEfbt3L.js,11CGomdzAuL.js,015TRQC5i+L.js,21blh2cYz8L.js,0120VCfYOtL.js,51dG7wZ-ajL.js,31r35NJ3TfL.js,4165qVxoLeL.js,51SSMvLbyWL.js,417cmY2EVYL.js,51GDgY0S64L.js,31vI2qZfDdL.js,31mAYKjJfpL.js,11LSI8IU0NL.js,11K5qCK19CL.js,21RsH9fH8-L.js,61ZYzsPOUbL.js,21N8a3dNihL.js,01pds886sCL.js,017PpEJgdTL.js,11CCUfyBpEL.js,214rbdoM-8L.js,01Z3OBC-FbL.js,01HL89Rw1gL.js,21uyGp88snL.js,21m+1oRN24L.js_.js?AUIClients/:803:370
@https://m.media-amazon.com/images/I/316nVZ1c+gL._RC|31G3x5GIdxL.js,01Jkr5-mpfL.js,014nJHn53jL.js,318rs4piGPL.js,01TQyo0bnIL.js,217bRGC52mL.js,41Z+H0XnaQL.js,31slXhNaU+L.js,01jEqq6I0UL.js,61sM0h9jL2L.js,21cBKqvYSdL.js,216Y5JcOfSL.js,11-asXJWfkL.js,01s80TZosWL.js,015gdESSAtL.js,01GJONmvbXL.js,01eHFGShgcL.js,014HqCTNeLL.js,010iqJFkSaL.js,01KcCdM358L.js,01rQQwj4cgL.js,01WKMGaQtaL.js,51PpIUFz2xL.js,11p0nLfNCcL.js,01s9HEfbt3L.js,11CGomdzAuL.js,015TRQC5i+L.js,21blh2cYz8L.js,0120VCfYOtL.js,51dG7wZ-ajL.js,31r35NJ3TfL.js,4165qVxoLeL.js,51SSMvLbyWL.js,417cmY2EVYL.js,51GDgY0S64L.js,31vI2qZfDdL.js,31mAYKjJfpL.js,11LSI8IU0NL.js,11K5qCK19CL.js,21RsH9fH8-L.js,61ZYzsPOUbL.js,21N8a3dNihL.js,01pds886sCL.js,017PpEJgdTL.js,11CCUfyBpEL.js,214rbdoM-8L.js,01Z3OBC-FbL.js,01HL89Rw1gL.js,21uyGp88snL.js,21m+1oRN24L.js_.js?AUIClients/:889:343
M/</<@https://www.amazon.co.uk/LEGO-Champions-McLaren-Collectible-Minifigure/dp/B0DHS9Y192/ref=sr_1_6?dib=eyJ2IjoiMSJ9.DVGHrkXC-Xcc29ndEJ7LEg9-CSW5PgCmJYlKD29vA144B33Eg-mdb-PW1u24ggPw6OM2wfX0H2okdYROhGQwK3_lwrvEsB2NhL0LiNz2nQiIDdLWBmB-W3KPTk0D51J3T0yv7tbO36tsxO2W1S-bonz0DVoJCMd9TXQjsrSBtILcziSLReBmnhsA8aFJ7gHvAxPivA-5xIy9qRh___Bf34dXtHeqSeCuta4l9RXc4Mk1Hk8JjsCHQF7Yr6sJ20GA3x-Zp8tCHfxA5gyqC4zFKKzCuKpXMGApYfvSVDoC0dc.QoAOgu_6K3BU-K0MLBrC3wDNkEtMEdfbcYTZaqoBKeY&dib_tag=se&keywords=LEGO+Speed+Champions+McLaren+F1+Team+MCL38&qid=1773785418&sr=8-6:105:174
h@https://m.media-amazon.com/images/I/11zuylp74DL._RC|11Y+5x+kkTL.js,51LPrROZ2JL.js,115zbyk371L.js,11GgN1+C7hL.js,01+z+uIeJ-L.js,01VRMV3FBdL.js,21NadQlXUWL.js,01vRf9id2EL.js,11a7qqY8xXL.js,11aZNVRA-EL.js,51C4kaFbiAL.js,11FhdH2HZwL.js,11wb9K3sw0L.js,11BrgrMAHUL.js,11GPhx42StL.js,210X-JWUe-L.js,01Svfxfy8OL.js,61lyy0inY-L.js,01ikBbTAneL.js,316JwWyajNL.js,01qXJuwGmxL.js,01WlsjNmqIL.js,11F929pmpYL.js,31Zn4S+IOkL.js,01rpauTep4L.js,31rqCOnXDNL.js,011FfPwYqHL.js,21P5VvHf-XL.js,013ncka0wXL.js,21kN0q4IA-L.js,01VvIkYCafL.js,11vb6P5C5AL.js,01WGEHrgDSL.js_.js?AUIClients/AmazonUI:46:117
y@https://m.media-amazon.com/images/I/11zuylp74DL._RC|11Y+5x+kkTL.js,51LPrROZ2JL.js,115zbyk371L.js,11GgN1+C7hL.js,01+z+uIeJ-L.js,01VRMV3FBdL.js,21NadQlXUWL.js,01vRf9id2EL.js,11a7qqY8xXL.js,11aZNVRA-EL.js,51C4kaFbiAL.js,11FhdH2HZwL.js,11wb9K3sw0L.js,11BrgrMAHUL.js,11GPhx42StL.js,210X-JWUe-L.js,01Svfxfy8OL.js,61lyy0inY-L.js,01ikBbTAneL.js,316JwWyajNL.js,01qXJuwGmxL.js,01WlsjNmqIL.js,11F929pmpYL.js,31Zn4S+IOkL.js,01rpauTep4L.js,31rqCOnXDNL.js,011FfPwYqHL.js,21P5VvHf-XL.js,013ncka0wXL.js,21kN0q4IA-L.js,01VvIkYCafL.js,11vb6P5C5AL.js,01WGEHrgDSL.js_.js?AUIClients/AmazonUI:49:21
g@https://m.media-amazon.com/images/I/11zuylp74DL._RC|11Y+5x+kkTL.js,51LPrROZ2JL.js,115zbyk371L.js,11GgN1+C7hL.js,01+z+uIeJ-L.js,01VRMV3FBdL.js,21NadQlXUWL.js,01vRf9id2EL.js,11a7qqY8xXL.js,11aZNVRA-EL.js,51C4kaFbiAL.js,11FhdH2HZwL.js,11wb9K3sw0L.js,11BrgrMAHUL.js,11GPhx42StL.js,210X-JWUe-L.js,01Svfxfy8OL.js,61lyy0inY-L.js,01ikBbTAneL.js,316JwWyajNL.js,01qXJuwGmxL.js,01WlsjNmqIL.js,11F929pmpYL.js,31Zn4S+IOkL.js,01rpauTep4L.js,31rqCOnXDNL.js,011FfPwYqHL.js,21P5VvHf-XL.js,013ncka0wXL.js,21kN0q4IA-L.js,01VvIkYCafL.js,11vb6P5C5AL.js,01WGEHrgDSL.js_.js?AUIClients/AmazonUI:46:455
trigger@https://m.media-amazon.com/images/I/11zuylp74DL._RC|11Y+5x+kkTL.js,51LPrROZ2JL.js,115zbyk371L.js,11GgN1+C7hL.js,01+z+uIeJ-L.js,01VRMV3FBdL.js,21NadQlXUWL.js,01vRf9id2EL.js,11a7qqY8xXL.js,11aZNVRA-EL.js,51C4kaFbiAL.js,11FhdH2HZwL.js,11wb9K3sw0L.js,11BrgrMAHUL.js,11GPhx42StL.js,210X-JWUe-L.js,01Svfxfy8OL.js,61lyy0inY-L.js,01ikBbTAneL.js,316JwWyajNL.js,01qXJuwGmxL.js,01WlsjNmqIL.js,11F929pmpYL.js,31Zn4S+IOkL.js,01rpauTep4L.js,31rqCOnXDNL.js,011FfPwYqHL.js,21P5VvHf-XL.js,013ncka0wXL.js,21kN0q4IA-L.js,01VvIkYCafL.js,11vb6P5C5AL.js,01WGEHrgDSL.js_.js?AUIClients/AmazonUI:50:428
success@https://m.media-amazon.com/images/I/41imcj3hIOL.js?AUIClients/DramAssets#1268367-T1:3:3
guardTime/<@https://www.amazon.co.uk/LEGO-Champions-McLaren-Collectible-Minifigure/dp/B0DHS9Y192/ref=sr_1_6?dib=eyJ2IjoiMSJ9.DVGHrkXC-Xcc29ndEJ7LEg9-CSW5PgCmJYlKD29vA144B33Eg-mdb-PW1u24ggPw6OM2wfX0H2okdYROhGQwK3_lwrvEsB2NhL0LiNz2nQiIDdLWBmB-W3KPTk0D51J3T0yv7tbO36tsxO2W1S-bonz0DVoJCMd9TXQjsrSBtILcziSLReBmnhsA8aFJ7gHvAxPivA-5xIy9qRh___Bf34dXtHeqSeCuta4l9RXc4Mk1Hk8JjsCHQF7Yr6sJ20GA3x-Zp8tCHfxA5gyqC4zFKKzCuKpXMGApYfvSVDoC0dc.QoAOgu_6K3BU-K0MLBrC3wDNkEtMEdfbcYTZaqoBKeY&dib_tag=se&keywords=LEGO+Speed+Champions+McLaren+F1+Team+MCL38&qid=1773785418&sr=8-6:109:152
d/<.success<@https://m.media-amazon.com/images/I/11zuylp74DL._RC|11Y+5x+kkTL.js,51LPrROZ2JL.js,115zbyk371L.js,11GgN1+C7hL.js,01+z+uIeJ-L.js,01VRMV3FBdL.js,21NadQlXUWL.js,01vRf9id2EL.js,11a7qqY8xXL.js,11aZNVRA-EL.js,51C4kaFbiAL.js,11FhdH2HZwL.js,11wb9K3sw0L.js,11BrgrMAHUL.js,11GPhx42StL.js,210X-JWUe-L.js,01Svfxfy8OL.js,61lyy0inY-L.js,01ikBbTAneL.js,316JwWyajNL.js,01qXJuwGmxL.js,01WlsjNmqIL.js,11F929pmpYL.js,31Zn4S+IOkL.js,01rpauTep4L.js,31rqCOnXDNL.js,011FfPwYqHL.js,21P5VvHf-XL.js,013ncka0wXL.js,21kN0q4IA-L.js,01VvIkYCafL.js,11vb6P5C5AL.js,01WGEHrgDSL.js_.js?AUIClients/AmazonUI:74:259
M/</<@https://www.amazon.co.uk/LEGO-Champions-McLaren-Collectible-Minifigure/dp/B0DHS9Y192/ref=sr_1_6?dib=eyJ2IjoiMSJ9.DVGHrkXC-Xcc29ndEJ7LEg9-CSW5PgCmJYlKD29vA144B33Eg-mdb-PW1u24ggPw6OM2wfX0H2okdYROhGQwK3_lwrvEsB2NhL0LiNz2nQiIDdLWBmB-W3KPTk0D51J3T0yv7tbO36tsxO2W1S-bonz0DVoJCMd9TXQjsrSBtILcziSLReBmnhsA8aFJ7gHvAxPivA-5xIy9qRh___Bf34dXtHeqSeCuta4l9RXc4Mk1Hk8JjsCHQF7Yr6sJ20GA3x-Zp8tCHfxA5gyqC4zFKKzCuKpXMGApYfvSVDoC0dc.QoAOgu_6K3BU-K0MLBrC3wDNkEtMEdfbcYTZaqoBKeY&dib_tag=se&keywords=LEGO+Speed+Champions+McLaren+F1+Team+MCL38&qid=1773785418&sr=8-6:105:174
h@https://m.media-amazon.com/images/I/11zuylp74DL._RC|11Y+5x+kkTL.js,51LPrROZ2JL.js,115zbyk371L.js,11GgN1+C7hL.js,01+z+uIeJ-L.js,01VRMV3FBdL.js,21NadQlXUWL.js,01vRf9id2EL.js,11a7qqY8xXL.js,11aZNVRA-EL.js,51C4kaFbiAL.js,11FhdH2HZwL.js,11wb9K3sw0L.js,11BrgrMAHUL.js,11GPhx42StL.js,210X-JWUe-L.js,01Svfxfy8OL.js,61lyy0inY-L.js,01ikBbTAneL.js,316JwWyajNL.js,01qXJuwGmxL.js,01WlsjNmqIL.js,11F929pmpYL.js,31Zn4S+IOkL.js,01rpauTep4L.js,31rqCOnXDNL.js,011FfPwYqHL.js,21P5VvHf-XL.js,013ncka0wXL.js,21kN0q4IA-L.js,01VvIkYCafL.js,11vb6P5C5AL.js,01WGEHrgDSL.js_.js?AUIClients/AmazonUI:72:67
a-ajax-update/<@https://m.media-amazon.com/images/I/11zuylp74DL._RC|11Y+5x+kkTL.js,51LPrROZ2JL.js,115zbyk371L.js,11GgN1+C7hL.js,01+z+uIeJ-L.js,01VRMV3FBdL.js,21NadQlXUWL.js,01vRf9id2EL.js,11a7qqY8xXL.js,11aZNVRA-EL.js,51C4kaFbiAL.js,11FhdH2HZwL.js,11wb9K3sw0L.js,11BrgrMAHUL.js,11GPhx42StL.js,210X-JWUe-L.js,01Svfxfy8OL.js,61lyy0inY-L.js,01ikBbTAneL.js,316JwWyajNL.js,01qXJuwGmxL.js,01WlsjNmqIL.js,11F929pmpYL.js,31Zn4S+IOkL.js,01rpauTep4L.js,31rqCOnXDNL.js,011FfPwYqHL.js,21P5VvHf-XL.js,013ncka0wXL.js,21kN0q4IA-L.js,01VvIkYCafL.js,11vb6P5C5AL.js,01WGEHrgDSL.js_.js?AUIClients/AmazonUI:72:321
e@https://m.media-amazon.com/images/I/11zuylp74DL._RC|11Y+5x+kkTL.js,51LPrROZ2JL.js,115zbyk371L.js,11GgN1+C7hL.js,01+z+uIeJ-L.js,01VRMV3FBdL.js,21NadQlXUWL.js,01vRf9id2EL.js,11a7qqY8xXL.js,11aZNVRA-EL.js,51C4kaFbiAL.js,11FhdH2HZwL.js,11wb9K3sw0L.js,11BrgrMAHUL.js,11GPhx42StL.js,210X-JWUe-L.js,01Svfxfy8OL.js,61lyy0inY-L.js,01ikBbTAneL.js,316JwWyajNL.js,01qXJuwGmxL.js,01WlsjNmqIL.js,11F929pmpYL.js,31Zn4S+IOkL.js,01rpauTep4L.js,31rqCOnXDNL.js,011FfPwYqHL.js,21P5VvHf-XL.js,013ncka0wXL.js,21kN0q4IA-L.js,01VvIkYCafL.js,11vb6P5C5AL.js,01WGEHrgDSL.js_.js?AUIClients/AmazonUI:67:187
send/a.pollTimer<@https://m.media-amazon.com/images/I/11zuylp74DL._RC|11Y+5x+kkTL.js,51LPrROZ2JL.js,115zbyk371L.js,11GgN1+C7hL.js,01+z+uIeJ-L.js,01VRMV3FBdL.js,21NadQlXUWL.js,01vRf9id2EL.js,11a7qqY8xXL.js,11aZNVRA-EL.js,51C4kaFbiAL.js,11FhdH2HZwL.js,11wb9K3sw0L.js,11BrgrMAHUL.js,11GPhx42StL.js,210X-JWUe-L.js,01Svfxfy8OL.js,61lyy0inY-L.js,01ikBbTAneL.js,316JwWyajNL.js,01qXJuwGmxL.js,01WlsjNmqIL.js,11F929pmpYL.js,31Zn4S+IOkL.js,01rpauTep4L.js,31rqCOnXDNL.js,011FfPwYqHL.js,21P5VvHf-XL.js,013ncka0wXL.js,21kN0q4IA-L.js,01VvIkYCafL.js,11vb6P5C5AL.js,01WGEHrgDSL.js_.js?AUIClients/AmazonUI:69:491

console.error: Translations: "Failed to run language detection." (new AbortError("Actor 'Translations' destroyed before query 'Translations:GetDocumentElementLang' was resolved", (void 0)))
console.warn: TopSitesFeed: Failed to fetch data from MARS server: NetworkError when attempting to fetch resource.
ConvertWinError received an unrecognized WinError: 0x3e3
ConvertWinError received an unrecognized WinError: 0x3e3
ConvertWinError received an unrecognized WinError: 0x3e3
*** You are running in background task mode. ***
*** You are running in headless mode.
console.error: WindowsGPOParser: 
  Unable to parse JSON for ExtensionSettings
console.error: JsonSchemaValidator: 
  Ignoring parameter "https://verintcloudservices.com/edi" - origin was expected but received full URL.
console.error: JsonSchemaValidator: 
  Ignoring parameter "[*.]csod.com" - not a valid origin.
console.error: "C:\\Users\\RGisbey\\AppData\\Local\\Temp\\rust_mozprofileD3tGjN" "cache2.2026-03-17-22-10-27.purge.bg_rm" 10 ".purge.bg_rm" ""
console.error: "started removing C:\\Users\\RGisbey\\AppData\\Local\\Temp\\rust_mozprofileD3tGjN\\cache2.2026-03-17-22-10-27.purge.bg_rm"
console.error: "done removing C:\\Users\\RGisbey\\AppData\\Local\\Temp\\rust_mozprofileD3tGjN\\cache2.2026-03-17-22-10-27.purge.bg_rm. removed 475 entries."
console.warn: "Skipping Glean as no metrics id is passed"
